<?xml version="1.0" encoding="UTF-8"?>
<!-- Generated by org.testng.reporters.JUnitXMLReporter -->
<testsuite hostname="RAKSHASA-PC" ignored="0" name="Exercise Test" tests="7" failures="1" timestamp="03 Feb 2019 21:53:29 GMT" time="76.015" errors="0">
  <testcase name="AddToShoppingCart" time="21.242" classname="com.exercise.Test.Test1"/>
  <testcase name="testMessageSaving" time="12.877" classname="com.exercise.Test.Test2"/>
  <testcase name="testColorFailure" time="10.01" classname="com.exercise.Test.Test3">
    <failure type="java.lang.AssertionError" message="expected [Black] but found [ : Orange]">
      <![CDATA[java.lang.AssertionError: expected [Black] but found [ : Orange]
	at com.exercise.Test.Test3.testColorFailure(Test3.java:34)
... Removed 31 stack frames]]>
    </failure>
  </testcase> <!-- testColorFailure -->
  <testcase name="testingOfDELETE" time="1.894" classname="com.exercise.Test.Test4"/>
  <testcase name="testingOfGET" time="0.575" classname="com.exercise.Test.Test4"/>
  <testcase name="testingOfPOST" time="0.969" classname="com.exercise.Test.Test4"/>
  <testcase name="testingOfPUT" time="0.552" classname="com.exercise.Test.Test4"/>
</testsuite> <!-- Exercise Test -->
