<?xml version="1.0" encoding="UTF-8"?>
<!-- Generated by org.testng.reporters.JUnitXMLReporter -->
<testsuite hostname="RAKSHASA-PC" ignored="0" name="Exercise Test" tests="7" failures="1" timestamp="03 Feb 2019 20:17:58 GMT" time="83.207" errors="0">
  <testcase name="AddToShoppingCart" time="23.972" classname="com.exercise.Test.Test1"/>
  <testcase name="testMessageSaving" time="13.899" classname="com.exercise.Test.Test2"/>
  <testcase name="testColorFailure" time="9.6" classname="com.exercise.Test.Test3">
    <failure type="java.lang.AssertionError" message="expected [Black] but found [ : Orange]">
      <![CDATA[java.lang.AssertionError: expected [Black] but found [ : Orange]
	at com.exercise.Test.Test3.testColorFailure(Test3.java:34)
... Removed 31 stack frames]]>
    </failure>
  </testcase> <!-- testColorFailure -->
  <testcase name="testingOfDELETE" time="3.447" classname="com.exercise.Test.Test4"/>
  <testcase name="testingOfGET" time="0.626" classname="com.exercise.Test.Test4"/>
  <testcase name="testingOfPOST" time="1.075" classname="com.exercise.Test.Test4"/>
  <testcase name="testingOfPUT" time="0.547" classname="com.exercise.Test.Test4"/>
</testsuite> <!-- Exercise Test -->
