<?xml version="1.0" encoding="UTF-8"?>
<!-- Generated by org.testng.reporters.JUnitXMLReporter -->
<testsuite hostname="RAKSHASA-PC" ignored="2" name="Test" tests="3" failures="0" timestamp="03 Feb 2019 13:38:58 GMT" time="22.972" errors="0">
  <testcase name="AddToShoppingCart" time="19.128" classname="com.exercise.Test.Test1"/>
  <testcase name="testMessageSaving" time="0.006" classname="com.exercise.Test.Test2"/>
  <testcase name="testColorFailure" time="0.007" classname="com.exercise.Test.Test3"/>
  <testcase name="@BeforeTest launchBrowser" time="0.0" classname="com.exercise.testBase.TestBase">
    <ignored/>
  </testcase> <!-- @BeforeTest launchBrowser -->
  <testcase name="@BeforeTest launchBrowser" time="0.0" classname="com.exercise.testBase.TestBase">
    <ignored/>
  </testcase> <!-- @BeforeTest launchBrowser -->
</testsuite> <!-- Test -->
